<?xml version="1.0" encoding="UTF-8"?>
<!-- Generated by org.testng.reporters.JUnitXMLReporter -->
<testsuite ignored="0" hostname="LAPTOP-QF25J5VR" failures="0" tests="4" name="Default test" time="7.443" errors="0" timestamp="2025-03-30T14:56:42 IST">
  <testcase classname="TestCases" name="openGoogle" time="1.422"/>
  <testcase classname="TestCases" name="loginTest" time="0.001"/>
  <testcase classname="TestCases" name="searchTest" time="0.003"/>
  <testcase classname="TestCases" name="checkoutTest" time="0.003"/>
</testsuite> <!-- Default test -->
