<?xml version="1.0" encoding="UTF-8"?>
<testng-results ignored="0" total="1" passed="1" failed="0" skipped="0">
  <reporter-output>
  </reporter-output>
  <suite started-at="2025-03-26T21:45:37 IST" name="Selenium Test Suite" finished-at="2025-03-26T21:45:41 IST" duration-ms="4443">
    <groups>
    </groups>
    <test started-at="2025-03-26T21:45:37 IST" name="Google Search Test" finished-at="2025-03-26T21:45:41 IST" duration-ms="4443">
      <class name="GoogleSearchTest">
        <test-method is-config="true" signature="setup()[pri:0, instance:GoogleSearchTest@747ddf94]" started-at="2025-03-26T21:45:37 IST" name="setup" finished-at="2025-03-26T21:45:40 IST" duration-ms="2645" status="PASS">
          <reporter-output>
          </reporter-output>
        </test-method> <!-- setup -->
        <test-method signature="openGoogle()[pri:0, instance:GoogleSearchTest@747ddf94]" started-at="2025-03-26T21:45:40 IST" name="openGoogle" finished-at="2025-03-26T21:45:41 IST" duration-ms="1556" status="PASS">
          <reporter-output>
          </reporter-output>
        </test-method> <!-- openGoogle -->
        <test-method is-config="true" signature="tearDown()[pri:0, instance:GoogleSearchTest@747ddf94]" started-at="2025-03-26T21:45:41 IST" name="tearDown" finished-at="2025-03-26T21:45:41 IST" duration-ms="205" status="PASS">
          <reporter-output>
          </reporter-output>
        </test-method> <!-- tearDown -->
      </class> <!-- GoogleSearchTest -->
    </test> <!-- Google Search Test -->
  </suite> <!-- Selenium Test Suite -->
</testng-results>
