<?xml version="1.0" encoding="UTF-8"?>
<testng-results ignored="0" total="4" passed="4" failed="0" skipped="0">
  <reporter-output>
  </reporter-output>
  <suite started-at="2025-03-30T22:36:09 IST" name="Selenium Test Suite" finished-at="2025-03-30T22:36:36 IST" duration-ms="26905">
    <groups>
    </groups>
    <test started-at="2025-03-30T22:36:09 IST" name="Google Search Test" finished-at="2025-03-30T22:36:36 IST" duration-ms="26905">
      <class name="TestCases">
        <test-method is-config="true" signature="setup()[pri:0, instance:TestCases@55183b20]" started-at="2025-03-30T22:36:09 IST" name="setup" finished-at="2025-03-30T22:36:33 IST" duration-ms="23790" status="PASS">
          <reporter-output>
          </reporter-output>
        </test-method> <!-- setup -->
        <test-method signature="openGoogle()[pri:1, instance:TestCases@55183b20]" started-at="2025-03-30T22:36:33 IST" name="openGoogle" finished-at="2025-03-30T22:36:35 IST" duration-ms="2602" status="PASS">
          <reporter-output>
          </reporter-output>
        </test-method> <!-- openGoogle -->
        <test-method signature="loginTest()[pri:2, instance:TestCases@55183b20]" started-at="2025-03-30T22:36:35 IST" name="loginTest" finished-at="2025-03-30T22:36:35 IST" duration-ms="1" status="PASS">
          <reporter-output>
          </reporter-output>
        </test-method> <!-- loginTest -->
        <test-method signature="searchTest()[pri:3, instance:TestCases@55183b20]" started-at="2025-03-30T22:36:35 IST" name="searchTest" finished-at="2025-03-30T22:36:35 IST" duration-ms="2" status="PASS">
          <reporter-output>
          </reporter-output>
        </test-method> <!-- searchTest -->
        <test-method signature="checkoutTest()[pri:4, instance:TestCases@55183b20]" started-at="2025-03-30T22:36:35 IST" name="checkoutTest" finished-at="2025-03-30T22:36:35 IST" duration-ms="1" status="PASS">
          <reporter-output>
          </reporter-output>
        </test-method> <!-- checkoutTest -->
        <test-method is-config="true" signature="tearDown()[pri:0, instance:TestCases@55183b20]" started-at="2025-03-30T22:36:35 IST" name="tearDown" finished-at="2025-03-30T22:36:36 IST" duration-ms="301" status="PASS">
          <reporter-output>
          </reporter-output>
        </test-method> <!-- tearDown -->
      </class> <!-- TestCases -->
    </test> <!-- Google Search Test -->
  </suite> <!-- Selenium Test Suite -->
</testng-results>
