<?xml version="1.0" encoding="UTF-8"?>
<testng-results ignored="0" total="4" passed="4" failed="0" skipped="0">
  <reporter-output>
  </reporter-output>
  <suite started-at="2025-03-30T14:56:34 IST" name="Default suite" finished-at="2025-03-30T14:56:42 IST" duration-ms="7443">
    <groups>
    </groups>
    <test started-at="2025-03-30T14:56:34 IST" name="Default test" finished-at="2025-03-30T14:56:42 IST" duration-ms="7443">
      <class name="TestCases">
        <test-method is-config="true" signature="setup()[pri:0, instance:TestCases@145f66e3]" started-at="2025-03-30T14:56:34 IST" name="setup" finished-at="2025-03-30T14:56:40 IST" duration-ms="5401" status="PASS">
          <reporter-output>
          </reporter-output>
        </test-method> <!-- setup -->
        <test-method signature="openGoogle()[pri:1, instance:TestCases@145f66e3]" started-at="2025-03-30T14:56:40 IST" name="openGoogle" finished-at="2025-03-30T14:56:41 IST" duration-ms="1422" status="PASS">
          <reporter-output>
          </reporter-output>
        </test-method> <!-- openGoogle -->
        <test-method signature="loginTest()[pri:2, instance:TestCases@145f66e3]" started-at="2025-03-30T14:56:41 IST" name="loginTest" finished-at="2025-03-30T14:56:41 IST" duration-ms="1" status="PASS">
          <reporter-output>
          </reporter-output>
        </test-method> <!-- loginTest -->
        <test-method signature="searchTest()[pri:3, instance:TestCases@145f66e3]" started-at="2025-03-30T14:56:41 IST" name="searchTest" finished-at="2025-03-30T14:56:41 IST" duration-ms="3" status="PASS">
          <reporter-output>
          </reporter-output>
        </test-method> <!-- searchTest -->
        <test-method signature="checkoutTest()[pri:4, instance:TestCases@145f66e3]" started-at="2025-03-30T14:56:41 IST" name="checkoutTest" finished-at="2025-03-30T14:56:41 IST" duration-ms="3" status="PASS">
          <reporter-output>
          </reporter-output>
        </test-method> <!-- checkoutTest -->
        <test-method is-config="true" signature="tearDown()[pri:0, instance:TestCases@145f66e3]" started-at="2025-03-30T14:56:41 IST" name="tearDown" finished-at="2025-03-30T14:56:42 IST" duration-ms="285" status="PASS">
          <reporter-output>
          </reporter-output>
        </test-method> <!-- tearDown -->
      </class> <!-- TestCases -->
    </test> <!-- Default test -->
  </suite> <!-- Default suite -->
</testng-results>
