<?xml version="1.0" encoding="UTF-8"?>
<!-- Generated by org.testng.reporters.JUnitXMLReporter -->
<testsuite ignored="0" hostname="LAPTOP-QF25J5VR" failures="1" tests="4" name="Google Search Test" time="4.327" errors="0" timestamp="2025-04-01T00:44:28 IST">
  <testcase classname="TestCases" name="openGoogle" time="1.545">
    <failure type="java.lang.AssertionError" message="expected [Google123] but found [Google]">
      <![CDATA[java.lang.AssertionError: expected [Google123] but found [Google]
at TestCases.openGoogle(TestCases.java:21)
at java.base/java.util.ArrayList.forEach(ArrayList.java:1596)
... Removed 31 stack frames]]>
    </failure>
  </testcase> <!-- openGoogle -->
  <testcase classname="TestCases" name="loginTest" time="0.002"/>
  <testcase classname="TestCases" name="searchTest" time="0.002"/>
  <testcase classname="TestCases" name="checkoutTest" time="0.002"/>
</testsuite> <!-- Google Search Test -->
