<?xml version="1.0" encoding="UTF-8"?>
<!-- Generated by org.testng.reporters.JUnitXMLReporter -->
<testsuite ignored="0" hostname="LAPTOP-QF25J5VR" failures="0" tests="4" name="Google Search Test" time="26.905" errors="0" timestamp="2025-03-30T22:36:36 IST">
  <testcase classname="TestCases" name="openGoogle" time="2.602"/>
  <testcase classname="TestCases" name="loginTest" time="0.001"/>
  <testcase classname="TestCases" name="searchTest" time="0.002"/>
  <testcase classname="TestCases" name="checkoutTest" time="0.001"/>
</testsuite> <!-- Google Search Test -->
